<?xml version="1.0" encoding="UTF-8" ?>
<testsuite errors="0" failures="0" hostname="EasyNote-TE11HC" name="interactive.TreatmenterVisualCommandTest" skipped="0" tests="5" time="0.245" timestamp="2017-03-28T10:14:40">
  <properties>
    <property name="libs.jsp-compiler.javadoc" value="" />
    <property name="javac.test.classpath" value="lib/opencv-320.jar:lib/sphinx4-core-5prealpha-SNAPSHOT.jar:lib/trilead-ssh2-build217-jenkins-8.jar:lib/TextToSpeechFX-1.0-SNAPSHOT.jar:build/classes:/usr/share/netbeans/8.1/platform/modules/ext/junit-4.12.jar:/usr/share/netbeans/8.1/platform/modules/ext/hamcrest-core-1.3.jar" />
    <property name="libs.jsf20.maven-pom" value="" />
    <property name="manifest.custom.codebase" value="" />
    <property name="ant.library.dir" value="/usr/share/ant/lib" />
    <property name="file.reference.TextToSpeechFX-1.0-SNAPSHOT.jar" value="lib/TextToSpeechFX-1.0-SNAPSHOT.jar" />
    <property name="libs.spring-webmvc4.0.src" value="" />
    <property name="ant.core.lib" value="/usr/share/ant/lib/ant.jar" />
    <property name="manifest.custom.application.library.allowable.codebase" value="" />
    <property name="javadoc.windowtitle" value="" />
    <property name="libs.jsp-compilation.javadoc" value="" />
    <property name="user.dir" value="/home/glebmillenium/virtualspace/client" />
    <property name="java.vm.version" value="25.121-b13" />
    <property name="libs.MySQLDriver.classpath" value="/usr/share/netbeans/8.1/ide/modules/ext/mysql-connector-java-5.1.23-bin.jar" />
    <property name="libs.eclipselinkmodelgen.src" value="" />
    <property name="javadoc.notree" value="false" />
    <property name="libs.javaee-web-api-6.0.classpath" value="/home/glebmillenium/.netbeans/8.1/modules/ext/javaee-web-api-6.0.jar" />
    <property name="javac.profile.cmd.line.arg" value="" />
    <property name="libs.javac-api.src" value="" />
    <property name="javadoc.noindex" value="false" />
    <property name="libs.jpa2-persistence.classpath" value="/home/glebmillenium/.netbeans/8.1/modules/ext/hibernate4/hibernate-jpa-2.1-api-1.0.0.Final.jar" />
    <property name="sun.os.patch.level" value="unknown" />
    <property name="do.archive+manifest.available" value="true" />
    <property name="java.vm.specification.name" value="Java Virtual Machine Specification" />
    <property name="test.tests.dir" value="tests" />
    <property name="have.tests" value="true" />
    <property name="libs.hamcrest.classpath" value="/usr/share/netbeans/8.1/platform/modules/ext/hamcrest-core-1.3.jar" />
    <property name="libs.javac-api.javadoc" value="" />
    <property name="os.name" value="Linux" />
    <property name="libs.beans-binding.classpath" value="/usr/share/netbeans/8.1/java/modules/ext/beansbinding-1.2.1.jar" />
    <property name="ap.proc.none.internal" value="" />
    <property name="libs.JWSAntTasks.maven-pom" value="" />
    <property name="jnlp.signing.keystore" value="" />
    <property name="libs.jstl.classpath" value="/home/glebmillenium/.netbeans/8.1/modules/ext/jstl-impl.jar:/home/glebmillenium/.netbeans/8.1/modules/ext/jstl-api.jar" />
    <property name="libs.testng.src" value="" />
    <property name="libs.spring-webmvc3.0.src" value="" />
    <property name="java.vendor.url.bug" value="http://bugreport.sun.com/bugreport/" />
    <property name="libs.jaxb.maven-pom" value="" />
    <property name="os.arch" value="amd64" />
    <property name="libs.eclipselink.src" value="" />
    <property name="user.name" value="glebmillenium" />
    <property name="libs.jsf12.javadoc" value="" />
    <property name="copylibs.rebase" value="true" />
    <property name="ant.file.type.client-impl" value="file" />
    <property name="libs.spring-webmvc3.0.maven-pom" value="" />
    <property name="libs.swing-layout.maven-pom" value="" />
    <property name="sun.java.command" value="org.apache.tools.ant.taskdefs.optional.junit.JUnitTestRunner interactive.TreatmenterVisualCommandTest skipNonTests=false filtertrace=true haltOnError=false haltOnFailure=false showoutput=true outputtoformatters=true logfailedtests=true threadid=0 logtestlistenerevents=false formatter=org.apache.tools.ant.taskdefs.optional.junit.BriefJUnitResultFormatter formatter=org.apache.tools.ant.taskdefs.optional.junit.XMLJUnitResultFormatter,/home/glebmillenium/virtualspace/client/build/test/results/TEST-interactive.TreatmenterVisualCommandTest.xml crashfile=/home/glebmillenium/virtualspace/client/build/junitvmwatcher5729307179939481337.properties propsfile=/home/glebmillenium/virtualspace/client/build/junit605929956569578371.properties" />
    <property name="build.classes.dir" value="build/classes" />
    <property name="jnlp.descriptor" value="application" />
    <property name="build.sysclasspath" value="ignore" />
    <property name="ap.supported.internal" value="true" />
    <property name="java.failonerror" value="true" />
    <property name="libs.jaxws21.javadoc" value="/home/glebmillenium/.netbeans/8.1/docs/jaxws-api-doc.zip" />
    <property name="libs.spring-webmvc4.0.javadoc" value="" />
    <property name="includes" value="**" />
    <property name="user.country" value="RU" />
    <property name="manifest.file" value="manifest.mf" />
    <property name="javadoc.encoding" value="UTF-8" />
    <property name="javac.classpath" value="lib/opencv-320.jar:lib/sphinx4-core-5prealpha-SNAPSHOT.jar:lib/trilead-ssh2-build217-jenkins-8.jar:lib/TextToSpeechFX-1.0-SNAPSHOT.jar" />
    <property name="libs.jsp-compilation-syscp.src" value="" />
    <property name="libs.spring-framework400.classpath" value="/usr/share/netbeans/8.1/ide/modules/org-apache-commons-logging.jar:/usr/share/netbeans/8.1/java/modules/ext/cglib-2.2.jar:/home/glebmillenium/.netbeans/8.1/modules/ext/spring-4/spring-aop-4.0.1.RELEASE.jar:/home/glebmillenium/.netbeans/8.1/modules/ext/spring-4/spring-aspects-4.0.1.RELEASE.jar:/home/glebmillenium/.netbeans/8.1/modules/ext/spring-4/spring-beans-4.0.1.RELEASE.jar:/home/glebmillenium/.netbeans/8.1/modules/ext/spring-4/spring-build-src-4.0.1.RELEASE.jar:/home/glebmillenium/.netbeans/8.1/modules/ext/spring-4/spring-context-4.0.1.RELEASE.jar:/home/glebmillenium/.netbeans/8.1/modules/ext/spring-4/spring-context-support-4.0.1.RELEASE.jar:/home/glebmillenium/.netbeans/8.1/modules/ext/spring-4/spring-core-4.0.1.RELEASE.jar:/home/glebmillenium/.netbeans/8.1/modules/ext/spring-4/spring-expression-4.0.1.RELEASE.jar:/home/glebmillenium/.netbeans/8.1/modules/ext/spring-4/spring-framework-bom-4.0.1.RELEASE.jar:/home/glebmillenium/.netbeans/8.1/modules/ext/spring-4/spring-instrument-4.0.1.RELEASE.jar:/home/glebmillenium/.netbeans/8.1/modules/ext/spring-4/spring-instrument-tomcat-4.0.1.RELEASE.jar:/home/glebmillenium/.netbeans/8.1/modules/ext/spring-4/spring-jdbc-4.0.1.RELEASE.jar:/home/glebmillenium/.netbeans/8.1/modules/ext/spring-4/spring-jms-4.0.1.RELEASE.jar:/home/glebmillenium/.netbeans/8.1/modules/ext/spring-4/spring-messaging-4.0.1.RELEASE.jar:/home/glebmillenium/.netbeans/8.1/modules/ext/spring-4/spring-orm-4.0.1.RELEASE.jar:/home/glebmillenium/.netbeans/8.1/modules/ext/spring-4/spring-oxm-4.0.1.RELEASE.jar:/home/glebmillenium/.netbeans/8.1/modules/ext/spring-4/spring-test-4.0.1.RELEASE.jar:/home/glebmillenium/.netbeans/8.1/modules/ext/spring-4/spring-tx-4.0.1.RELEASE.jar:/home/glebmillenium/.netbeans/8.1/modules/ext/spring-4/spring-web-4.0.1.RELEASE.jar:/home/glebmillenium/.netbeans/8.1/modules/ext/spring-4/spring-webmvc-4.0.1.RELEASE.jar:/home/glebmillenium/.netbeans/8.1/modules/ext/spring-4/spring-webmvc-portlet-4.0.1.RELEASE.jar:/home/glebmillenium/.netbeans/8.1/modules/ext/spring-4/spring-websocket-4.0.1.RELEASE.jar" />
    <property name="debug-transport" value="dt_socket" />
    <property name="file.reference.main-java" value="src/main/java" />
    <property name="libs.javaee-web-api-6.0.src" value="" />
    <property name="file.reference.viewer_api-java" value="src/viewer_api/java" />
    <property name="libs.jsp-compilation-syscp.classpath" value="/usr/share/netbeans/8.1/java/ant/lib/ant.jar:/home/glebmillenium/.netbeans/8.1/modules/ext/servlet3.1-jsp2.3-api.jar:/home/glebmillenium/.netbeans/8.1/modules/ext/glassfish-jspparser-4.0.jar:/home/glebmillenium/.netbeans/8.1/modules/ext/jstl-impl.jar:/home/glebmillenium/.netbeans/8.1/modules/ext/jsf-2_2/javax.faces.jar" />
    <property name="java.endorsed.dirs" value="/usr/lib/jvm/java-8-openjdk-amd64/jre/lib/endorsed" />
    <property name="libs.groovy-all.src" value="" />
    <property name="jnlp.enabled" value="false" />
    <property name="java.vm.specification.version" value="1.8" />
    <property name="libs.hibernate4-support.src" value="" />
    <property name="libs.primefaces.classpath" value="/home/glebmillenium/.netbeans/8.1/modules/ext/primefaces/primefaces-5.0.jar" />
    <property name="libs.javaee-api-6.0.classpath" value="/home/glebmillenium/.netbeans/8.1/modules/ext/javaee-api-6.0.jar" />
    <property name="libs.groovy-all.maven-pom" value="" />
    <property name="libs.jaxws21.src" value="" />
    <property name="application.title" value="client" />
    <property name="do.archive" value="true" />
    <property name="java.vendor" value="Oracle Corporation" />
    <property name="libs.javaee-api-6.0.javadoc" value="" />
    <property name="jar.index.metainf" value="false" />
    <property name="javac.debug" value="true" />
    <property name="javadoc.splitindex" value="true" />
    <property name="file.separator" value="/" />
    <property name="libs.junit_4.maven-pom" value="" />
    <property name="mkdist.disabled" value="false" />
    <property name="javac.test.processorpath" value="lib/opencv-320.jar:lib/sphinx4-core-5prealpha-SNAPSHOT.jar:lib/trilead-ssh2-build217-jenkins-8.jar:lib/TextToSpeechFX-1.0-SNAPSHOT.jar:build/classes:/usr/share/netbeans/8.1/platform/modules/ext/junit-4.12.jar:/usr/share/netbeans/8.1/platform/modules/ext/hamcrest-core-1.3.jar" />
    <property name="file.reference.viewer_swing_api-java" value="src/viewer_swing_api/java" />
    <property name="libs.JWSAntTasks.javadoc" value="" />
    <property name="build.generated.sources.dir" value="build/generated-sources" />
    <property name="libs.eclipselinkmodelgen.classpath" value="/usr/share/netbeans/8.1/java/modules/ext/eclipselink/org.eclipse.persistence.jpa.modelgen_2.5.2.v20140319-9ad6abd.jar" />
    <property name="sun.java.launcher" value="SUN_STANDARD" />
    <property name="libs.hibernate4-persistencemodelgen.javadoc" value="" />
    <property name="libs.jaxb.javadoc" value="" />
    <property name="libs.struts.classpath" value="/home/glebmillenium/.netbeans/8.1/modules/ext/struts/antlr-2.7.2.jar:/home/glebmillenium/.netbeans/8.1/modules/ext/struts/bsf-2.3.0.jar:/home/glebmillenium/.netbeans/8.1/modules/ext/struts/commons-beanutils-1.8.0.jar:/home/glebmillenium/.netbeans/8.1/modules/ext/struts/commons-chain-1.2.jar:/home/glebmillenium/.netbeans/8.1/modules/ext/struts/commons-digester-1.8.jar:/home/glebmillenium/.netbeans/8.1/modules/ext/struts/commons-fileupload-1.1.1.jar:/home/glebmillenium/.netbeans/8.1/modules/ext/struts/commons-io-1.1.jar:/home/glebmillenium/.netbeans/8.1/modules/ext/struts/commons-logging-1.0.4.jar:/home/glebmillenium/.netbeans/8.1/modules/ext/struts/commons-validator-1.3.1.jar:/home/glebmillenium/.netbeans/8.1/modules/ext/struts/jstl-1.0.2.jar:/home/glebmillenium/.netbeans/8.1/modules/ext/struts/oro-2.0.8.jar:/home/glebmillenium/.netbeans/8.1/modules/ext/struts/standard-1.0.6.jar:/home/glebmillenium/.netbeans/8.1/modules/ext/struts/struts-core-1.3.10.jar:/home/glebmillenium/.netbeans/8.1/modules/ext/struts/struts-el-1.3.10.jar:/home/glebmillenium/.netbeans/8.1/modules/ext/struts/struts-extras-1.3.10.jar:/home/glebmillenium/.netbeans/8.1/modules/ext/struts/struts-faces-1.3.10.jar:/home/glebmillenium/.netbeans/8.1/modules/ext/struts/struts-mailreader-dao-1.3.10.jar:/home/glebmillenium/.netbeans/8.1/modules/ext/struts/struts-scripting-1.3.10.jar:/home/glebmillenium/.netbeans/8.1/modules/ext/struts/struts-taglib-1.3.10.jar:/home/glebmillenium/.netbeans/8.1/modules/ext/struts/struts-tiles-1.3.10.jar" />
    <property name="ant.home" value="/usr/share/ant" />
    <property name="libs.junit_4.src" value="" />
    <property name="ant.file.type.client" value="file" />
    <property name="libs.testng.classpath" value="/usr/share/netbeans/8.1/platform/modules/ext/testng-6.8.1-dist.jar" />
    <property name="libs.absolutelayout.maven-pom" value="" />
    <property name="ant.java.version" value="1.8" />
    <property name="java.library.path" value="/home/glebmillenium/virtualspace/client/dist/lib/" />
    <property name="javadoc.author" value="false" />
    <property name="libs.spring-framework400.src" value="" />
    <property name="libs.PostgreSQLDriver.src" value="" />
    <property name="sun.arch.data.model" value="64" />
    <property name="basedir" value="/home/glebmillenium/virtualspace/client" />
    <property name="libs.jpa20-persistence.maven-pom" value="" />
    <property name="jar.compress" value="false" />
    <property name="file.reference.trilead-ssh2-build217-jenkins-8.jar" value="lib/trilead-ssh2-build217-jenkins-8.jar" />
    <property name="path.separator" value=":" />
    <property name="jnlp.applet.width" value="300" />
    <property name="libs.javaee-web-api-6.0.javadoc" value="" />
    <property name="sun.io.unicode.encoding" value="UnicodeLittle" />
    <property name="libs.jaxws21.classpath" value="/home/glebmillenium/.netbeans/8.1/modules/ext/jaxws22/FastInfoset.jar:/home/glebmillenium/.netbeans/8.1/modules/ext/jaxws22/gmbal-api-only.jar:/home/glebmillenium/.netbeans/8.1/modules/ext/jaxws22/ha-api.jar:/home/glebmillenium/.netbeans/8.1/modules/ext/jaxws22/javax.mail_1.4.jar:/home/glebmillenium/.netbeans/8.1/modules/ext/jaxws22/jaxws-rt.jar:/home/glebmillenium/.netbeans/8.1/modules/ext/jaxws22/jaxws-tools.jar:/home/glebmillenium/.netbeans/8.1/modules/ext/jaxws22/management-api.jar:/home/glebmillenium/.netbeans/8.1/modules/ext/jaxws22/mimepull.jar:/home/glebmillenium/.netbeans/8.1/modules/ext/jaxws22/policy.jar:/home/glebmillenium/.netbeans/8.1/modules/ext/jaxws22/saaj-impl.jar:/home/glebmillenium/.netbeans/8.1/modules/ext/jaxws22/stax-ex.jar:/home/glebmillenium/.netbeans/8.1/modules/ext/jaxws22/stax2-api.jar:/home/glebmillenium/.netbeans/8.1/modules/ext/jaxws22/streambuffer.jar:/home/glebmillenium/.netbeans/8.1/modules/ext/jaxws22/woodstox-core-asl.jar:/home/glebmillenium/.netbeans/8.1/modules/ext/jaxws22/api/jaxws-api.jar:/home/glebmillenium/.netbeans/8.1/modules/ext/jaxws22/api/jsr181-api.jar:/home/glebmillenium/.netbeans/8.1/modules/ext/jaxws22/api/javax.annotation.jar:/home/glebmillenium/.netbeans/8.1/modules/ext/jaxws22/api/saaj-api.jar" />
    <property name="libs.struts.src" value="" />
    <property name="compile.on.save" value="true" />
    <property name="user.language" value="ru" />
    <property name="testng.mode" value="testng" />
    <property name="libs.JAXB-ENDORSED.maven-pom" value="" />
    <property name="libs.eclipselink.maven-pom" value="" />
    <property name="application.vendor" value="glebmillenium" />
    <property name="test.binaryincludes" value="&lt;nothing&gt;" />
    <property name="manifest.available" value="true" />
    <property name="libs.primefaces.javadoc" value="" />
    <property name="libs.spring-framework300.maven-pom" value="" />
    <property name="run.test.classpath" value="lib/opencv-320.jar:lib/sphinx4-core-5prealpha-SNAPSHOT.jar:lib/trilead-ssh2-build217-jenkins-8.jar:lib/TextToSpeechFX-1.0-SNAPSHOT.jar:build/classes:/usr/share/netbeans/8.1/platform/modules/ext/junit-4.12.jar:/usr/share/netbeans/8.1/platform/modules/ext/hamcrest-core-1.3.jar:build/test/classes" />
    <property name="ant.project.invoked-targets" value="default" />
    <property name="test.binaryexcludes" value="" />
    <property name="libs.swing-layout.javadoc" value="" />
    <property name="libs.hibernate4-persistence.maven-pom" value="" />
    <property name="libs.PostgreSQLDriver.maven-pom" value="" />
    <property name="java.class.version" value="52.0" />
    <property name="libs.hibernate4-persistencemodelgen.maven-pom" value="" />
    <property name="libs.javaee-endorsed-api-6.0.src" value="" />
    <property name="libs.eclipselink.javadoc" value="" />
    <property name="platforms.JDK_1.8.compiler" value="modern" />
    <property name="libs.jsp-compilation.maven-pom" value="" />
    <property name="user.properties.file" value="/home/glebmillenium/.netbeans/8.1/build.properties" />
    <property name="runtime.encoding" value="UTF-8" />
    <property name="libs.javac-api.maven-pom" value="" />
    <property name="libs.javaee-api-5.0.maven-pom" value="" />
    <property name="file.encoding.pkg" value="sun.io" />
    <property name="sun.cpu.endian" value="little" />
    <property name="libs.JAXB-ENDORSED.javadoc" value="" />
    <property name="libs.JWSAntTasks.classpath" value="/usr/share/netbeans/8.1/java/ant/extra/org-netbeans-modules-javawebstart-anttasks.jar" />
    <property name="libs.spring-webmvc4.0.maven-pom" value="" />
    <property name="libs.spring-framework300.src" value="" />
    <property name="libs.Sphinx.classpath" value="/home/glebmillenium/Загрузки/sphinx4-5prealpha-src/sphinx4-core/build/libs/sphinx4-core-5prealpha-SNAPSHOT-javadoc.jar:/home/glebmillenium/Загрузки/sphinx4-5prealpha-src/sphinx4-core/build/libs/sphinx4-core-5prealpha-SNAPSHOT-sources.jar:/home/glebmillenium/Загрузки/sphinx4-5prealpha-src/sphinx4-core/build/libs/sphinx4-core-5prealpha-SNAPSHOT.jar" />
    <property name="libs.jstl.src" value="" />
    <property name="empty.dir" value="/home/glebmillenium/virtualspace/client/build/empty" />
    <property name="version-output" value="java version &quot;1.8" />
    <property name="test.binarytestincludes" value="" />
    <property name="libs.hibernate4-persistencemodelgen.src" value="" />
    <property name="jnlp.applet.height" value="300" />
    <property name="javadoc.preview" value="true" />
    <property name="libs.jpa20-persistence.javadoc" value="" />
    <property name="nbplatform.default.harness.dir" value="/usr/share/netbeans/8.1/harness" />
    <property name="java.home" value="/usr/lib/jvm/java-8-openjdk-amd64/jre" />
    <property name="libs.jsp-compilation.src" value="" />
    <property name="debug.test.classpath" value="lib/opencv-320.jar:lib/sphinx4-core-5prealpha-SNAPSHOT.jar:lib/trilead-ssh2-build217-jenkins-8.jar:lib/TextToSpeechFX-1.0-SNAPSHOT.jar:build/classes:/usr/share/netbeans/8.1/platform/modules/ext/junit-4.12.jar:/usr/share/netbeans/8.1/platform/modules/ext/hamcrest-core-1.3.jar:build/test/classes" />
    <property name="libs.javaee-endorsed-api-6.0.classpath" value="/home/glebmillenium/.netbeans/8.1/modules/ext/javaee6-endorsed/javax.annotation.jar:/home/glebmillenium/.netbeans/8.1/modules/ext/javaee6-endorsed/jaxb-api-osgi.jar:/home/glebmillenium/.netbeans/8.1/modules/ext/javaee6-endorsed/webservices-api-osgi.jar" />
    <property name="libs.javaee-api-6.0.src" value="" />
    <property name="ant.project.default-target" value="default" />
    <property name="annotation.processing.run.all.processors" value="true" />
    <property name="jar.archive.disabled" value="false" />
    <property name="jnlp.signing.alias" value="" />
    <property name="libs.PostgreSQLDriver.javadoc" value="" />
    <property name="libs.MySQLDriver.maven-pom" value="" />
    <property name="libs.hibernate4-persistence.javadoc" value="" />
    <property name="libs.junit_4.javadoc" value="" />
    <property name="platforms.JDK_1.8.bootclasspath" value="/usr/lib/jvm/jdk1.8.0_121/jre/lib/resources.jar:/usr/lib/jvm/jdk1.8.0_121/jre/lib/rt.jar:/usr/lib/jvm/jdk1.8.0_121/jre/lib/sunrsasign.jar:/usr/lib/jvm/jdk1.8.0_121/jre/lib/jsse.jar:/usr/lib/jvm/jdk1.8.0_121/jre/lib/jce.jar:/usr/lib/jvm/jdk1.8.0_121/jre/lib/charsets.jar:/usr/lib/jvm/jdk1.8.0_121/jre/lib/jfr.jar:/usr/lib/jvm/jdk1.8.0_121/jre/classes:/usr/lib/jvm/jdk1.8.0_121/jre/lib/ext/jaccess.jar:/usr/lib/jvm/jdk1.8.0_121/jre/lib/ext/sunjce_provider.jar:/usr/lib/jvm/jdk1.8.0_121/jre/lib/ext/localedata.jar:/usr/lib/jvm/jdk1.8.0_121/jre/lib/ext/nashorn.jar:/usr/lib/jvm/jdk1.8.0_121/jre/lib/ext/zipfs.jar:/usr/lib/jvm/jdk1.8.0_121/jre/lib/ext/cldrdata.jar:/usr/lib/jvm/jdk1.8.0_121/jre/lib/ext/sunec.jar:/usr/lib/jvm/jdk1.8.0_121/jre/lib/ext/jfxrt.jar:/usr/lib/jvm/jdk1.8.0_121/jre/lib/ext/sunpkcs11.jar:/usr/lib/jvm/jdk1.8.0_121/jre/lib/ext/dnsns.jar" />
    <property name="libs.javaee-web-api-6.0.maven-pom" value="" />
    <property name="run.classpath" value="lib/opencv-320.jar:lib/sphinx4-core-5prealpha-SNAPSHOT.jar:lib/trilead-ssh2-build217-jenkins-8.jar:lib/TextToSpeechFX-1.0-SNAPSHOT.jar:build/classes" />
    <property name="libs.javaee-endorsed-api-6.0.javadoc" value="" />
    <property name="libs.spring-webmvc3.0.javadoc" value="" />
    <property name="libs.jpa2-persistence.maven-pom" value="" />
    <property name="annotation.processing.enabled.in.editor" value="false" />
    <property name="libs.hibernate4-support.classpath" value="/home/glebmillenium/.netbeans/8.1/modules/ext/hibernate4/antlr-2.7.7.jar:/home/glebmillenium/.netbeans/8.1/modules/ext/hibernate4/c3p0-0.9.2.1.jar:/home/glebmillenium/.netbeans/8.1/modules/ext/hibernate4/hibernate-c3p0-4.3.1.Final.jar:/home/glebmillenium/.netbeans/8.1/modules/ext/hibernate4/mchange-commons-java-0.2.3.4.jar:/home/glebmillenium/.netbeans/8.1/modules/ext/hibernate4/dom4j-1.6.1.jar:/home/glebmillenium/.netbeans/8.1/modules/ext/hibernate4/ehcache-core-2.4.3.jar:/home/glebmillenium/.netbeans/8.1/modules/ext/hibernate4/hibernate-ehcache-4.3.1.Final.jar:/home/glebmillenium/.netbeans/8.1/modules/ext/hibernate4/hibernate-core-4.3.1.Final.jar:/home/glebmillenium/.netbeans/8.1/modules/ext/hibernate4/jboss-logging-3.1.3.GA.jar:/home/glebmillenium/.netbeans/8.1/modules/ext/hibernate4/hibernate-commons-annotations-4.0.4.Final.jar:/home/glebmillenium/.netbeans/8.1/modules/ext/hibernate4/hibernate-entitymanager-4.3.1.Final.jar:/home/glebmillenium/.netbeans/8.1/modules/ext/hibernate4/javassist-3.18.1-GA.jar:/home/glebmillenium/.netbeans/8.1/modules/ext/hibernate4/jboss-transaction-api_1.2_spec-1.0.0.Final.jar:/home/glebmillenium/.netbeans/8.1/modules/ext/hibernate4/slf4j-api-1.6.1.jar:/home/glebmillenium/.netbeans/8.1/modules/ext/hibernate4/slf4j-simple-1.6.1.jar" />
    <property name="sun.management.compiler" value="HotSpot 64-Bit Tiered Compilers" />
    <property name="javac.deprecation" value="false" />
    <property name="javadoc.use" value="true" />
    <property name="libs.jsp-compiler.classpath" value="/home/glebmillenium/.netbeans/8.1/ant/extra/jspcompile.jar" />
    <property name="file.reference.opencv-320.jar" value="lib/opencv-320.jar" />
    <property name="javac.processorpath" value="lib/opencv-320.jar:lib/sphinx4-core-5prealpha-SNAPSHOT.jar:lib/trilead-ssh2-build217-jenkins-8.jar:lib/TextToSpeechFX-1.0-SNAPSHOT.jar" />
    <property name="libs.hamcrest.maven-pom" value="" />
    <property name="javac.compilerargs" value="" />
    <property name="ant.file" value="/home/glebmillenium/virtualspace/client/build.xml" />
    <property name="libs.beans-binding.maven-pom" value="" />
    <property name="jnlp.codebase.type" value="no.codebase" />
    <property name="libs.hibernate4-support.javadoc" value="" />
    <property name="libs.jsf12.classpath" value="/home/glebmillenium/.netbeans/8.1/modules/ext/jsf-1_2/commons-beanutils.jar:/home/glebmillenium/.netbeans/8.1/modules/ext/jsf-1_2/commons-collections.jar:/home/glebmillenium/.netbeans/8.1/modules/ext/jsf-1_2/commons-digester.jar:/home/glebmillenium/.netbeans/8.1/modules/ext/jsf-1_2/commons-logging.jar:/home/glebmillenium/.netbeans/8.1/modules/ext/jsf-1_2/jsf-api.jar:/home/glebmillenium/.netbeans/8.1/modules/ext/jsf-1_2/jsf-impl.jar" />
    <property name="libs.jstl.maven-pom" value="" />
    <property name="libs.javaee-api-5.0.src" value="" />
    <property name="libs.beans-binding.src" value="" />
    <property name="java.vm.specification.vendor" value="Oracle Corporation" />
    <property name="libs.swing-layout.src" value="" />
    <property name="java.vm.name" value="Java HotSpot(TM) 64-Bit Server VM" />
    <property name="javadoc.additionalparam" value="" />
    <property name="jnlp.offline-allowed" value="false" />
    <property name="java.io.tmpdir" value="/tmp" />
    <property name="java.vendor.url" value="http://java.oracle.com/" />
    <property name="endorsed.classpath.cmd.line.arg" value="" />
    <property name="junit.available" value="true" />
    <property name="libs.javaee-api-5.0.javadoc" value="" />
    <property name="libs.jsp-compiler.src" value="" />
    <property name="sun.boot.library.path" value="/usr/lib/jvm/java-8-openjdk-amd64/jre/lib/amd64" />
    <property name="have.sources" value="true" />
    <property name="libs.hamcrest.javadoc" value="" />
    <property name="debug.classpath" value="lib/opencv-320.jar:lib/sphinx4-core-5prealpha-SNAPSHOT.jar:lib/trilead-ssh2-build217-jenkins-8.jar:lib/TextToSpeechFX-1.0-SNAPSHOT.jar:build/classes" />
    <property name="javac.external.vm" value="true" />
    <property name="javadoc.private" value="false" />
    <property name="java.dir" value="src/viewer_api/java" />
    <property name="libs.jsf20.classpath" value="/home/glebmillenium/.netbeans/8.1/modules/ext/jsf-2_2/javax.faces.jar" />
    <property name="ap.processors.internal" value="" />
    <property name="meta.inf.dir" value="src/viewer_swing_api/java/META-INF" />
    <property name="javadoc.encoding.used" value="UTF-8" />
    <property name="dist.jar" value="dist/client.jar" />
    <property name="libs.spring-framework400.maven-pom" value="" />
    <property name="java.runtime.name" value="Java(TM) SE Runtime Environment" />
    <property name="ant.project.name" value="client" />
    <property name="libs.jsp-compilation-syscp.maven-pom" value="" />
    <property name="sun.cpu.isalist" value="" />
    <property name="libs.spring-framework400.javadoc" value="" />
    <property name="libs.CopyLibs.javadoc" value="" />
    <property name="libs.Sphinx.javadoc" value="" />
    <property name="user.home" value="/home/glebmillenium" />
    <property name="annotation.processing.processors.list" value="" />
    <property name="libs.primefaces.maven-pom" value="" />
    <property name="debug-args-line" value="-Xdebug" />
    <property name="libs.javaee-api-6.0.maven-pom" value="" />
    <property name="libs.JWSAntTasks.src" value="" />
    <property name="jar.index" value="false" />
    <property name="libs.CopyLibs.maven-pom" value="" />
    <property name="libs.spring-framework300.javadoc" value="" />
    <property name="libs.absolutelayout.javadoc" value="" />
    <property name="java.specification.name" value="Java Platform API Specification" />
    <property name="ant.file.client-impl" value="/home/glebmillenium/virtualspace/client/nbproject/build-impl.xml" />
    <property name="do.archive+main.class.available" value="true" />
    <property name="jnlp.mixed.code" value="default" />
    <property name="ant.file.client" value="/home/glebmillenium/virtualspace/client/build.xml" />
    <property name="java.specification.vendor" value="Oracle Corporation" />
    <property name="libs.javac-api.classpath" value="/usr/share/netbeans/8.1/java/modules/ext/nb-javac-api.jar" />
    <property name="java.version" value="1.8.0_121" />
    <property name="run.jvmargs.ide" value="" />
    <property name="javadoc.version" value="false" />
    <property name="libs.MySQLDriver.javadoc" value="" />
    <property name="platform.java" value="/usr/lib/jvm/java-8-openjdk-amd64/jre/bin/java" />
    <property name="source.encoding" value="UTF-8" />
    <property name="ap.cmd.line.internal" value="" />
    <property name="libs.eclipselinkmodelgen.maven-pom" value="" />
    <property name="libs.jsp-compilation-syscp.javadoc" value="" />
    <property name="libs.eclipselinkmodelgen.javadoc" value="" />
    <property name="libs.struts.maven-pom" value="" />
    <property name="annotation.processing.processor.options" value="" />
    <property name="libs.testng.maven-pom" value="" />
    <property name="libs.jaxb.src" value="" />
    <property name="work.dir" value="/home/glebmillenium/virtualspace/client" />
    <property name="libs.jaxb.classpath" value="" />
    <property name="do.depend" value="false" />
    <property name="dist.javadoc.dir" value="dist/javadoc" />
    <property name="libs.swing-layout.classpath" value="/usr/share/netbeans/8.1/platform/modules/ext/swing-layout-1.0.4.jar" />
    <property name="libs.spring-webmvc3.0.classpath" value="/home/glebmillenium/.netbeans/8.1/modules/ext/spring-3.0/spring-webmvc-3.2.7.RELEASE.jar" />
    <property name="build.generated.dir" value="build/generated" />
    <property name="javac.source" value="1.8" />
    <property name="line.separator" value="&#xa;" />
    <property name="java.specification.version" value="1.8" />
    <property name="libs.jaxws21.maven-pom" value="" />
    <property name="java.vm.info" value="mixed mode" />
    <property name="nb.junit.batch" value="true" />
    <property name="junit.forkmode" value="perTest" />
    <property name="manifest.custom.caller.allowable.codebase" value="" />
    <property name="sun.boot.class.path" value="/usr/lib/jvm/java-8-openjdk-amd64/jre/lib/resources.jar:/usr/lib/jvm/java-8-openjdk-amd64/jre/lib/rt.jar:/usr/lib/jvm/java-8-openjdk-amd64/jre/lib/sunrsasign.jar:/usr/lib/jvm/java-8-openjdk-amd64/jre/lib/jsse.jar:/usr/lib/jvm/java-8-openjdk-amd64/jre/lib/jce.jar:/usr/lib/jvm/java-8-openjdk-amd64/jre/lib/charsets.jar:/usr/lib/jvm/java-8-openjdk-amd64/jre/lib/jfr.jar:/usr/lib/jvm/java-8-openjdk-amd64/jre/classes" />
    <property name="javac.target" value="1.8" />
    <property name="built-jar.properties" value="/home/glebmillenium/virtualspace/client/build/built-jar.properties" />
    <property name="build.test.classes.dir" value="build/test/classes" />
    <property name="src.dir" value="src/viewer_swing_api/java" />
    <property name="annotation.processing.enabled" value="true" />
    <property name="libs.jpa2-persistence.src" value="" />
    <property name="libs.jsf20.src" value="" />
    <property name="libs.jpa20-persistence.src" value="" />
    <property name="java3.dir" value="src/viewer_swing/java" />
    <property name="libs.jsf12.src" value="" />
    <property name="nbplatform.default.netbeans.dest.dir" value="/usr/share/netbeans/8.1" />
    <property name="libs.struts.javadoc" value="/home/glebmillenium/.netbeans/8.1/docs/struts-1.3.10-javadoc.zip" />
    <property name="libs.primefaces.src" value="" />
    <property name="dist.dir" value="dist" />
    <property name="libs.groovy-all.javadoc" value="" />
    <property name="testng.debug.mode" value="" />
    <property name="libs.groovy-all.classpath" value="/home/glebmillenium/.netbeans/8.1/modules/ext/groovy-all.jar" />
    <property name="javac.fork" value="true" />
    <property name="java.awt.printerjob" value="sun.print.PSPrinterJob" />
    <property name="default.javac.source" value="1.8" />
    <property name="debug-transport-by-os" value="dt_socket" />
    <property name="sun.jnu.encoding" value="UTF-8" />
    <property name="libs.MySQLDriver.src" value="" />
    <property name="libs.Sphinx.maven-pom" value="" />
    <property name="file.reference.sphinx4-core-5prealpha-SNAPSHOT.jar" value="lib/sphinx4-core-5prealpha-SNAPSHOT.jar" />
    <property name="build.test.results.dir" value="build/test/results" />
    <property name="java.runtime.version" value="1.8.0_121-b13" />
    <property name="default.javac.target" value="1.8" />
    <property name="libs.junit_4.classpath" value="/usr/share/netbeans/8.1/platform/modules/ext/junit-4.12.jar" />
    <property name="user.timezone" value="" />
    <property name="nb.junit.single" value="false" />
    <property name="do.jar" value="true" />
    <property name="java2.dir" value="src/main/java" />
    <property name="libs.javaee-endorsed-api-6.0.maven-pom" value="" />
    <property name="libs.jsf20.javadoc" value="" />
    <property name="libs.jstl.javadoc" value="" />
    <property name="java.ext.dirs" value="/usr/lib/jvm/java-8-openjdk-amd64/jre/lib/ext:/usr/java/packages/lib/ext" />
    <property name="endorsed.classpath" value="" />
    <property name="libs.absolutelayout.classpath" value="/home/glebmillenium/.netbeans/8.1/modules/ext/AbsoluteLayout.jar" />
    <property name="excludes" value="" />
    <property name="libs.jpa2-persistence.javadoc" value="" />
    <property name="java.class.path" value="/home/glebmillenium/virtualspace/client/lib/opencv-320.jar:/home/glebmillenium/virtualspace/client/lib/sphinx4-core-5prealpha-SNAPSHOT.jar:/home/glebmillenium/virtualspace/client/lib/trilead-ssh2-build217-jenkins-8.jar:/home/glebmillenium/virtualspace/client/lib/TextToSpeechFX-1.0-SNAPSHOT.jar:/home/glebmillenium/virtualspace/client/build/classes:/usr/share/netbeans/8.1/platform/modules/ext/junit-4.12.jar:/usr/share/netbeans/8.1/platform/modules/ext/hamcrest-core-1.3.jar:/home/glebmillenium/virtualspace/client/build/test/classes:/usr/share/ant/lib/junit.jar:/usr/share/java/ant-launcher-1.9.6.jar:/usr/share/ant/lib/ant.jar:/usr/share/ant/lib/ant-junit.jar:/usr/share/ant/lib/ant-junit4.jar" />
    <property name="do.mkdist" value="true" />
    <property name="libs.absolutelayout.src" value="" />
    <property name="libs.jpa20-persistence.classpath" value="/usr/share/netbeans/8.1/java/modules/ext/eclipselink/javax.persistence_2.1.0.v201304241213.jar" />
    <property name="os.version" value="4.4.0-66-generic" />
    <property name="application.args" value="" />
    <property name="manifest.custom.permissions" value="" />
    <property name="main.class.available" value="true" />
    <property name="sun.desktop" value="gnome" />
    <property name="libs.hibernate4-persistence.src" value="" />
    <property name="auxiliary.org-netbeans-spi-editor-hints-projects.perProjectHintSettingsFile" value="nbproject/cfg_hints.xml" />
    <property name="libs.hibernate4-support.maven-pom" value="" />
    <property name="libs.JAXB-ENDORSED.classpath" value="" />
    <property name="libs.eclipselink.classpath" value="/usr/share/netbeans/8.1/java/modules/ext/eclipselink/eclipselink.jar:/usr/share/netbeans/8.1/java/modules/ext/eclipselink/javax.persistence_2.1.0.v201304241213.jar:/usr/share/netbeans/8.1/java/modules/ext/eclipselink/org.eclipse.persistence.jpa.jpql_2.5.2.v20140319-9ad6abd.jar" />
    <property name="libs.beans-binding.javadoc" value="" />
    <property name="java.awt.graphicsenv" value="sun.awt.X11GraphicsEnvironment" />
    <property name="file.reference.viewer_swing-java" value="src/viewer_swing/java" />
    <property name="java.vm.vendor" value="Oracle Corporation" />
    <property name="libs.CopyLibs.classpath" value="/usr/share/netbeans/8.1/java/ant/extra/org-netbeans-modules-java-j2seproject-copylibstask.jar" />
    <property name="libs.spring-framework300.classpath" value="/usr/share/netbeans/8.1/ide/modules/org-apache-commons-logging.jar:/usr/share/netbeans/8.1/java/modules/ext/cglib-2.2.jar:/home/glebmillenium/.netbeans/8.1/modules/ext/spring-3.0/spring-aop-3.2.7.RELEASE.jar:/home/glebmillenium/.netbeans/8.1/modules/ext/spring-3.0/spring-aspects-3.2.7.RELEASE.jar:/home/glebmillenium/.netbeans/8.1/modules/ext/spring-3.0/spring-beans-3.2.7.RELEASE.jar:/home/glebmillenium/.netbeans/8.1/modules/ext/spring-3.0/spring-build-src-3.2.7.RELEASE.jar:/home/glebmillenium/.netbeans/8.1/modules/ext/spring-3.0/spring-context-3.2.7.RELEASE.jar:/home/glebmillenium/.netbeans/8.1/modules/ext/spring-3.0/spring-context-support-3.2.7.RELEASE.jar:/home/glebmillenium/.netbeans/8.1/modules/ext/spring-3.0/spring-core-3.2.7.RELEASE.jar:/home/glebmillenium/.netbeans/8.1/modules/ext/spring-3.0/spring-expression-3.2.7.RELEASE.jar:/home/glebmillenium/.netbeans/8.1/modules/ext/spring-3.0/spring-framework-bom-3.2.7.RELEASE.jar:/home/glebmillenium/.netbeans/8.1/modules/ext/spring-3.0/spring-instrument-3.2.7.RELEASE.jar:/home/glebmillenium/.netbeans/8.1/modules/ext/spring-3.0/spring-instrument-tomcat-3.2.7.RELEASE.jar:/home/glebmillenium/.netbeans/8.1/modules/ext/spring-3.0/spring-jdbc-3.2.7.RELEASE.jar:/home/glebmillenium/.netbeans/8.1/modules/ext/spring-3.0/spring-jms-3.2.7.RELEASE.jar:/home/glebmillenium/.netbeans/8.1/modules/ext/spring-3.0/spring-orm-3.2.7.RELEASE.jar:/home/glebmillenium/.netbeans/8.1/modules/ext/spring-3.0/spring-oxm-3.2.7.RELEASE.jar:/home/glebmillenium/.netbeans/8.1/modules/ext/spring-3.0/spring-struts-3.2.7.RELEASE.jar:/home/glebmillenium/.netbeans/8.1/modules/ext/spring-3.0/spring-test-3.2.7.RELEASE.jar:/home/glebmillenium/.netbeans/8.1/modules/ext/spring-3.0/spring-tx-3.2.7.RELEASE.jar:/home/glebmillenium/.netbeans/8.1/modules/ext/spring-3.0/spring-web-3.2.7.RELEASE.jar:/home/glebmillenium/.netbeans/8.1/modules/ext/spring-3.0/spring-webmvc-3.2.7.RELEASE.jar:/home/glebmillenium/.netbeans/8.1/modules/ext/spring-3.0/spring-webmvc-portlet-3.2.7.RELEASE.jar" />
    <property name="libs.jsp-compiler.maven-pom" value="" />
    <property name="libs.hamcrest.src" value="" />
    <property name="run.jvmargs" value="-Djava.library.path=/home/glebmillenium/virtualspace/client/dist/lib/" />
    <property name="libs.Sphinx.src" value="" />
    <property name="libs.hibernate4-persistence.classpath" value="/home/glebmillenium/.netbeans/8.1/modules/ext/hibernate4/antlr-2.7.7.jar:/home/glebmillenium/.netbeans/8.1/modules/ext/hibernate4/c3p0-0.9.2.1.jar:/home/glebmillenium/.netbeans/8.1/modules/ext/hibernate4/hibernate-c3p0-4.3.1.Final.jar:/home/glebmillenium/.netbeans/8.1/modules/ext/hibernate4/mchange-commons-java-0.2.3.4.jar:/home/glebmillenium/.netbeans/8.1/modules/ext/hibernate4/dom4j-1.6.1.jar:/home/glebmillenium/.netbeans/8.1/modules/ext/hibernate4/ehcache-core-2.4.3.jar:/home/glebmillenium/.netbeans/8.1/modules/ext/hibernate4/hibernate-ehcache-4.3.1.Final.jar:/home/glebmillenium/.netbeans/8.1/modules/ext/hibernate4/hibernate-core-4.3.1.Final.jar:/home/glebmillenium/.netbeans/8.1/modules/ext/hibernate4/jboss-logging-3.1.3.GA.jar:/home/glebmillenium/.netbeans/8.1/modules/ext/hibernate4/hibernate-commons-annotations-4.0.4.Final.jar:/home/glebmillenium/.netbeans/8.1/modules/ext/hibernate4/hibernate-entitymanager-4.3.1.Final.jar:/home/glebmillenium/.netbeans/8.1/modules/ext/hibernate4/javassist-3.18.1-GA.jar:/home/glebmillenium/.netbeans/8.1/modules/ext/hibernate4/jboss-transaction-api_1.2_spec-1.0.0.Final.jar:/home/glebmillenium/.netbeans/8.1/modules/ext/hibernate4/slf4j-api-1.6.1.jar:/home/glebmillenium/.netbeans/8.1/modules/ext/hibernate4/slf4j-simple-1.6.1.jar:/home/glebmillenium/.netbeans/8.1/modules/ext/hibernate4/hibernate-jpa-2.1-api-1.0.0.Final.jar" />
    <property name="libs.JAXB-ENDORSED.src" value="" />
    <property name="dist.archive.excludes" value="" />
    <property name="libs.testng.javadoc" value="" />
    <property name="ant.file.type" value="file" />
    <property name="platforms.JDK_1.8.home" value="/usr/lib/jvm/jdk1.8.0_121" />
    <property name="libs.PostgreSQLDriver.classpath" value="/usr/share/netbeans/8.1/ide/modules/ext/postgresql-9.2-1002.jdbc4.jar" />
    <property name="libs.jsf12.maven-pom" value="" />
    <property name="jnlp.signing" value="" />
    <property name="libs.hibernate4-persistencemodelgen.classpath" value="/home/glebmillenium/.netbeans/8.1/modules/ext/hibernate4/hibernate-jpamodelgen-4.3.1.Final.jar" />
    <property name="annotation.processing.source.output" value="build/generated-sources/ap-source-output" />
    <property name="jnlp.signed" value="false" />
    <property name="main.class" value="com.glavsoft.viewer.Viewer" />
    <property name="libs.CopyLibs.src" value="" />
    <property name="build.dir" value="build" />
    <property name="jnlp.applet.class" value="com.glavsoft.viewer.Viewer" />
    <property name="libs.jsp-compilation.classpath" value="/usr/share/netbeans/8.1/java/ant/lib/ant.jar:/home/glebmillenium/.netbeans/8.1/modules/ext/servlet3.1-jsp2.3-api.jar:/home/glebmillenium/.netbeans/8.1/modules/ext/glassfish-jspparser-4.0.jar:/home/glebmillenium/.netbeans/8.1/modules/ext/jsf-2_2/javax.faces.jar:/home/glebmillenium/.netbeans/8.1/modules/ext/jstl-api.jar:/usr/share/netbeans/8.1/java/ant/lib/ant-launcher.jar" />
    <property name="ant.version" value="Apache Ant(TM) version 1.9.6 compiled on July 8 2015" />
    <property name="libs.javaee-api-5.0.classpath" value="/home/glebmillenium/.netbeans/8.1/modules/ext/javaee5.jar" />
    <property name="file.encoding" value="UTF-8" />
    <property name="build.classes.excludes" value="**/*.java,**/*.form" />
    <property name="jdkBug6558476" value="false" />
    <property name="javadoc.nonavbar" value="false" />
    <property name="libs.spring-webmvc4.0.classpath" value="/home/glebmillenium/.netbeans/8.1/modules/ext/spring-4/spring-webmvc-4.0.1.RELEASE.jar" />
    <property name="platform.active" value="default_platform" />
    <property name="awt.toolkit" value="sun.awt.X11.XToolkit" />
  </properties>
  <testcase classname="interactive.TreatmenterVisualCommandTest" name="testStopping" time="0.002" />
  <testcase classname="interactive.TreatmenterVisualCommandTest" name="testRun" time="0.001" />
  <testcase classname="interactive.TreatmenterVisualCommandTest" name="testOnDefault" time="0.0" />
  <testcase classname="interactive.TreatmenterVisualCommandTest" name="testOnHandAndFist" time="0.0" />
  <testcase classname="interactive.TreatmenterVisualCommandTest" name="testOnHand" time="0.004" />
  <system-out><![CDATA[]]></system-out>
  <system-err><![CDATA[]]></system-err>
</testsuite>
